Performing C SOURCE FILE Test CMAKE_HAVE_LIBC_PTHREAD failed with the following output:
Change Dir: /home/tuner/work/ros1/thk/build/CMakeFiles/CMakeTmp

Run Build Command(s):/usr/bin/make cmTC_10e1b/fast && /usr/bin/make -f CMakeFiles/cmTC_10e1b.dir/build.make CMakeFiles/cmTC_10e1b.dir/build
make[1]: ディレクトリ '/home/tuner/work/ros1/thk/build/CMakeFiles/CMakeTmp' に入ります
Building C object CMakeFiles/cmTC_10e1b.dir/src.c.o
/usr/bin/cc   -DCMAKE_HAVE_LIBC_PTHREAD   -o CMakeFiles/cmTC_10e1b.dir/src.c.o   -c /home/tuner/work/ros1/thk/build/CMakeFiles/CMakeTmp/src.c
Linking C executable cmTC_10e1b
/usr/bin/cmake -E cmake_link_script CMakeFiles/cmTC_10e1b.dir/link.txt --verbose=1
/usr/bin/cc  -DCMAKE_HAVE_LIBC_PTHREAD    -rdynamic CMakeFiles/cmTC_10e1b.dir/src.c.o  -o cmTC_10e1b 
/usr/bin/ld: CMakeFiles/cmTC_10e1b.dir/src.c.o: in function `main':
src.c:(.text+0x46): undefined reference to `pthread_create'
/usr/bin/ld: src.c:(.text+0x52): undefined reference to `pthread_detach'
/usr/bin/ld: src.c:(.text+0x63): undefined reference to `pthread_join'
collect2: error: ld returned 1 exit status
make[1]: *** [CMakeFiles/cmTC_10e1b.dir/build.make:87: cmTC_10e1b] エラー 1
make[1]: ディレクトリ '/home/tuner/work/ros1/thk/build/CMakeFiles/CMakeTmp' から出ます
make: *** [Makefile:121: cmTC_10e1b/fast] エラー 2


Source file was:
#include <pthread.h>

void* test_func(void* data)
{
  return data;
}

int main(void)
{
  pthread_t thread;
  pthread_create(&thread, NULL, test_func, NULL);
  pthread_detach(thread);
  pthread_join(thread, NULL);
  pthread_atfork(NULL, NULL, NULL);
  pthread_exit(NULL);

  return 0;
}

Determining if the function pthread_create exists in the pthreads failed with the following output:
Change Dir: /home/tuner/work/ros1/thk/build/CMakeFiles/CMakeTmp

Run Build Command(s):/usr/bin/make cmTC_cea9b/fast && /usr/bin/make -f CMakeFiles/cmTC_cea9b.dir/build.make CMakeFiles/cmTC_cea9b.dir/build
make[1]: ディレクトリ '/home/tuner/work/ros1/thk/build/CMakeFiles/CMakeTmp' に入ります
Building C object CMakeFiles/cmTC_cea9b.dir/CheckFunctionExists.c.o
/usr/bin/cc   -DCHECK_FUNCTION_EXISTS=pthread_create   -o CMakeFiles/cmTC_cea9b.dir/CheckFunctionExists.c.o   -c /usr/share/cmake-3.16/Modules/CheckFunctionExists.c
Linking C executable cmTC_cea9b
/usr/bin/cmake -E cmake_link_script CMakeFiles/cmTC_cea9b.dir/link.txt --verbose=1
/usr/bin/cc  -DCHECK_FUNCTION_EXISTS=pthread_create    -rdynamic CMakeFiles/cmTC_cea9b.dir/CheckFunctionExists.c.o  -o cmTC_cea9b  -lpthreads 
/usr/bin/ld: -lpthreads が見つかりません
collect2: error: ld returned 1 exit status
make[1]: *** [CMakeFiles/cmTC_cea9b.dir/build.make:87: cmTC_cea9b] エラー 1
make[1]: ディレクトリ '/home/tuner/work/ros1/thk/build/CMakeFiles/CMakeTmp' から出ます
make: *** [Makefile:121: cmTC_cea9b/fast] エラー 2



Performing C++ SOURCE FILE Test COMPILER_SUPPORTS_CXX11 failed with the following output:
Change Dir: /home/tuner/work/ros1/thk/build/CMakeFiles/CMakeTmp

Run Build Command(s):/usr/bin/make cmTC_dd2d5/fast && /usr/bin/make -f CMakeFiles/cmTC_dd2d5.dir/build.make CMakeFiles/cmTC_dd2d5.dir/build
make[1]: Entering directory '/home/tuner/work/ros1/thk/build/CMakeFiles/CMakeTmp'
Building CXX object CMakeFiles/cmTC_dd2d5.dir/src.cxx.o
/usr/bin/c++    -DCOMPILER_SUPPORTS_CXX11   -std=c+11 -o CMakeFiles/cmTC_dd2d5.dir/src.cxx.o -c /home/tuner/work/ros1/thk/build/CMakeFiles/CMakeTmp/src.cxx
c++: error: unrecognized command line option '-std=c+11'; did you mean '-std=c++11'?
make[1]: *** [CMakeFiles/cmTC_dd2d5.dir/build.make:66: CMakeFiles/cmTC_dd2d5.dir/src.cxx.o] Error 1
make[1]: Leaving directory '/home/tuner/work/ros1/thk/build/CMakeFiles/CMakeTmp'
make: *** [Makefile:121: cmTC_dd2d5/fast] Error 2


Source file was:
int main() { return 0; }
