[0.009s] Invoking command in '/home/tuner/work/ros2/turtlebot/build/turtlebot3_simulations': AMENT_PREFIX_PATH=/home/tuner/work/ros2/turtlebot/install/turtlebot3_gazebo:/home/tuner/work/ros2/turtlebot/install/turtlebot3_fake_node:${AMENT_PREFIX_PATH} CMAKE_PREFIX_PATH=/home/tuner/work/ros2/turtlebot/install/turtlebot3_gazebo:/home/tuner/work/ros2/turtlebot/install/turtlebot3_fake_node:/opt/ros/foxy /usr/bin/cmake /home/tuner/work/ros2/turtlebot/src/turtlebot3_simulations/turtlebot3_simulations -DAMENT_CMAKE_SYMLINK_INSTALL=1 -DCMAKE_INSTALL_PREFIX=/home/tuner/work/ros2/turtlebot/install/turtlebot3_simulations
[0.073s] -- The C compiler identification is GNU 8.4.0
[0.119s] -- The CXX compiler identification is GNU 9.3.0
[0.123s] -- Check for working C compiler: /usr/bin/cc
[0.179s] -- Check for working C compiler: /usr/bin/cc -- works
[0.180s] -- Detecting C compiler ABI info
[0.251s] -- Detecting C compiler ABI info - done
[0.266s] -- Detecting C compile features
[0.267s] -- Detecting C compile features - done
[0.269s] -- Check for working CXX compiler: /usr/bin/c++
[0.336s] -- Check for working CXX compiler: /usr/bin/c++ -- works
[0.337s] -- Detecting CXX compiler ABI info
[0.407s] -- Detecting CXX compiler ABI info - done
[0.419s] -- Detecting CXX compile features
[0.420s] -- Detecting CXX compile features - done
[0.422s] -- Found ament_cmake: 0.9.9 (/opt/ros/foxy/share/ament_cmake/cmake)
[0.445s] -- Found PythonInterp: /usr/bin/python3 (found suitable version "3.8.10", minimum required is "3") 
[0.446s] -- Using PYTHON_EXECUTABLE: /usr/bin/python3
[0.599s] -- Override CMake install command with custom implementation using symlinks instead of copying resources
[0.665s] -- Configuring done
[0.666s] -- Generating done
[0.667s] -- Build files have been written to: /home/tuner/work/ros2/turtlebot/build/turtlebot3_simulations
[0.670s] Invoked command in '/home/tuner/work/ros2/turtlebot/build/turtlebot3_simulations' returned '0': AMENT_PREFIX_PATH=/home/tuner/work/ros2/turtlebot/install/turtlebot3_gazebo:/home/tuner/work/ros2/turtlebot/install/turtlebot3_fake_node:${AMENT_PREFIX_PATH} CMAKE_PREFIX_PATH=/home/tuner/work/ros2/turtlebot/install/turtlebot3_gazebo:/home/tuner/work/ros2/turtlebot/install/turtlebot3_fake_node:/opt/ros/foxy /usr/bin/cmake /home/tuner/work/ros2/turtlebot/src/turtlebot3_simulations/turtlebot3_simulations -DAMENT_CMAKE_SYMLINK_INSTALL=1 -DCMAKE_INSTALL_PREFIX=/home/tuner/work/ros2/turtlebot/install/turtlebot3_simulations
[0.671s] Invoking command in '/home/tuner/work/ros2/turtlebot/build/turtlebot3_simulations': AMENT_PREFIX_PATH=/home/tuner/work/ros2/turtlebot/install/turtlebot3_gazebo:/home/tuner/work/ros2/turtlebot/install/turtlebot3_fake_node:${AMENT_PREFIX_PATH} CMAKE_PREFIX_PATH=/home/tuner/work/ros2/turtlebot/install/turtlebot3_gazebo:/home/tuner/work/ros2/turtlebot/install/turtlebot3_fake_node:/opt/ros/foxy /usr/bin/cmake --build /home/tuner/work/ros2/turtlebot/build/turtlebot3_simulations -- -j12 -l12
[0.701s] Invoked command in '/home/tuner/work/ros2/turtlebot/build/turtlebot3_simulations' returned '0': AMENT_PREFIX_PATH=/home/tuner/work/ros2/turtlebot/install/turtlebot3_gazebo:/home/tuner/work/ros2/turtlebot/install/turtlebot3_fake_node:${AMENT_PREFIX_PATH} CMAKE_PREFIX_PATH=/home/tuner/work/ros2/turtlebot/install/turtlebot3_gazebo:/home/tuner/work/ros2/turtlebot/install/turtlebot3_fake_node:/opt/ros/foxy /usr/bin/cmake --build /home/tuner/work/ros2/turtlebot/build/turtlebot3_simulations -- -j12 -l12
[0.720s] Invoking command in '/home/tuner/work/ros2/turtlebot/build/turtlebot3_simulations': AMENT_PREFIX_PATH=/home/tuner/work/ros2/turtlebot/install/turtlebot3_gazebo:/home/tuner/work/ros2/turtlebot/install/turtlebot3_fake_node:${AMENT_PREFIX_PATH} CMAKE_PREFIX_PATH=/home/tuner/work/ros2/turtlebot/install/turtlebot3_gazebo:/home/tuner/work/ros2/turtlebot/install/turtlebot3_fake_node:/opt/ros/foxy /usr/bin/cmake --install /home/tuner/work/ros2/turtlebot/build/turtlebot3_simulations
[0.728s] -- Install configuration: ""
[0.728s] -- Execute custom install script
[0.729s] -- Symlinking: /home/tuner/work/ros2/turtlebot/install/turtlebot3_simulations/share/ament_index/resource_index/package_run_dependencies/turtlebot3_simulations
[0.738s] -- Symlinking: /home/tuner/work/ros2/turtlebot/install/turtlebot3_simulations/share/ament_index/resource_index/parent_prefix_path/turtlebot3_simulations
[0.746s] -- Symlinking: /home/tuner/work/ros2/turtlebot/install/turtlebot3_simulations/share/turtlebot3_simulations/environment/ament_prefix_path.sh
[0.754s] -- Symlinking: /home/tuner/work/ros2/turtlebot/install/turtlebot3_simulations/share/turtlebot3_simulations/environment/ament_prefix_path.dsv
[0.763s] -- Symlinking: /home/tuner/work/ros2/turtlebot/install/turtlebot3_simulations/share/turtlebot3_simulations/environment/path.sh
[0.770s] -- Symlinking: /home/tuner/work/ros2/turtlebot/install/turtlebot3_simulations/share/turtlebot3_simulations/environment/path.dsv
[0.777s] -- Symlinking: /home/tuner/work/ros2/turtlebot/install/turtlebot3_simulations/share/turtlebot3_simulations/local_setup.bash
[0.783s] -- Symlinking: /home/tuner/work/ros2/turtlebot/install/turtlebot3_simulations/share/turtlebot3_simulations/local_setup.sh
[0.790s] -- Symlinking: /home/tuner/work/ros2/turtlebot/install/turtlebot3_simulations/share/turtlebot3_simulations/local_setup.zsh
[0.797s] -- Symlinking: /home/tuner/work/ros2/turtlebot/install/turtlebot3_simulations/share/turtlebot3_simulations/local_setup.dsv
[0.804s] -- Symlinking: /home/tuner/work/ros2/turtlebot/install/turtlebot3_simulations/share/turtlebot3_simulations/package.dsv
[0.811s] -- Symlinking: /home/tuner/work/ros2/turtlebot/install/turtlebot3_simulations/share/ament_index/resource_index/packages/turtlebot3_simulations
[0.818s] -- Symlinking: /home/tuner/work/ros2/turtlebot/install/turtlebot3_simulations/share/turtlebot3_simulations/cmake/turtlebot3_simulationsConfig.cmake
[0.824s] -- Symlinking: /home/tuner/work/ros2/turtlebot/install/turtlebot3_simulations/share/turtlebot3_simulations/cmake/turtlebot3_simulationsConfig-version.cmake
[0.832s] -- Symlinking: /home/tuner/work/ros2/turtlebot/install/turtlebot3_simulations/share/turtlebot3_simulations/package.xml
[0.841s] Invoked command in '/home/tuner/work/ros2/turtlebot/build/turtlebot3_simulations' returned '0': AMENT_PREFIX_PATH=/home/tuner/work/ros2/turtlebot/install/turtlebot3_gazebo:/home/tuner/work/ros2/turtlebot/install/turtlebot3_fake_node:${AMENT_PREFIX_PATH} CMAKE_PREFIX_PATH=/home/tuner/work/ros2/turtlebot/install/turtlebot3_gazebo:/home/tuner/work/ros2/turtlebot/install/turtlebot3_fake_node:/opt/ros/foxy /usr/bin/cmake --install /home/tuner/work/ros2/turtlebot/build/turtlebot3_simulations
