[1.895s] DEBUG:colcon:Command line arguments: ['/usr/bin/colcon', 'build', '--symlink-install']
[1.895s] DEBUG:colcon:Parsed command line arguments: Namespace(allow_overriding=[], ament_cmake_args=None, base_paths=['.'], build_base='build', catkin_cmake_args=None, catkin_skip_building_tests=False, cmake_args=None, cmake_clean_cache=False, cmake_clean_first=False, cmake_force_configure=False, cmake_target=None, cmake_target_skip_unavailable=False, continue_on_error=False, event_handlers=None, executor='parallel', ignore_user_meta=False, install_base='install', log_base=None, log_level=None, main=<bound method BuildVerb.main of <colcon_core.verb.build.BuildVerb object at 0x7f6af09049d0>>, merge_install=False, metas=['./colcon.meta'], packages_above=None, packages_above_and_dependencies=None, packages_above_depth=None, packages_end=None, packages_ignore=None, packages_ignore_regex=None, packages_select=None, packages_select_build_failed=False, packages_select_by_dep=None, packages_select_regex=None, packages_select_test_failures=False, packages_skip=None, packages_skip_build_finished=False, packages_skip_by_dep=None, packages_skip_regex=None, packages_skip_test_passed=False, packages_skip_up_to=None, packages_start=None, packages_up_to=None, packages_up_to_regex=None, parallel_workers=12, paths=None, symlink_install=True, test_result_base=None, verb_extension=<colcon_core.verb.build.BuildVerb object at 0x7f6af09049d0>, verb_name='build', verb_parser=<colcon_defaults.argument_parser.defaults.DefaultArgumentsDecorator object at 0x7f6af0904f40>)
[1.988s] Level 1:colcon.colcon_core.package_discovery:discover_packages(colcon_meta) check parameters
[1.989s] Level 1:colcon.colcon_core.package_discovery:discover_packages(recursive) check parameters
[1.989s] Level 1:colcon.colcon_core.package_discovery:discover_packages(ignore) check parameters
[1.989s] Level 1:colcon.colcon_core.package_discovery:discover_packages(path) check parameters
[1.989s] Level 1:colcon.colcon_core.package_discovery:discover_packages(colcon_meta) discover
[1.990s] Level 1:colcon.colcon_core.package_discovery:discover_packages(recursive) discover
[1.990s] INFO:colcon.colcon_core.package_discovery:Crawling recursively for packages in '/home/tuner/work/ros2/turtlebot'
[1.990s] Level 1:colcon.colcon_core.package_identification:_identify(.) by extensions ['ignore', 'ignore_ament_install']
[1.991s] Level 1:colcon.colcon_core.package_identification:_identify(.) by extension 'ignore'
[1.991s] Level 1:colcon.colcon_core.package_identification:_identify(.) by extension 'ignore_ament_install'
[1.991s] Level 1:colcon.colcon_core.package_identification:_identify(.) by extensions ['colcon_pkg']
[1.991s] Level 1:colcon.colcon_core.package_identification:_identify(.) by extension 'colcon_pkg'
[1.991s] Level 1:colcon.colcon_core.package_identification:_identify(.) by extensions ['colcon_meta']
[1.992s] Level 1:colcon.colcon_core.package_identification:_identify(.) by extension 'colcon_meta'
[1.992s] Level 1:colcon.colcon_core.package_identification:_identify(.) by extensions ['ros']
[1.992s] Level 1:colcon.colcon_core.package_identification:_identify(.) by extension 'ros'
[2.021s] Level 1:colcon.colcon_core.package_identification:_identify(.) by extensions ['cmake', 'python']
[2.021s] Level 1:colcon.colcon_core.package_identification:_identify(.) by extension 'cmake'
[2.021s] Level 1:colcon.colcon_core.package_identification:_identify(.) by extension 'python'
[2.021s] Level 1:colcon.colcon_core.package_identification:_identify(.) by extensions ['python_setup_py']
[2.021s] Level 1:colcon.colcon_core.package_identification:_identify(.) by extension 'python_setup_py'
[2.021s] Level 1:colcon.colcon_core.package_identification:_identify(build) by extensions ['ignore', 'ignore_ament_install']
[2.021s] Level 1:colcon.colcon_core.package_identification:_identify(build) by extension 'ignore'
[2.021s] Level 1:colcon.colcon_core.package_identification:_identify(build) ignored
[2.022s] Level 1:colcon.colcon_core.package_identification:_identify(install) by extensions ['ignore', 'ignore_ament_install']
[2.022s] Level 1:colcon.colcon_core.package_identification:_identify(install) by extension 'ignore'
[2.022s] Level 1:colcon.colcon_core.package_identification:_identify(install) ignored
[2.022s] Level 1:colcon.colcon_core.package_identification:_identify(log) by extensions ['ignore', 'ignore_ament_install']
[2.022s] Level 1:colcon.colcon_core.package_identification:_identify(log) by extension 'ignore'
[2.022s] Level 1:colcon.colcon_core.package_identification:_identify(log) ignored
[2.031s] Level 1:colcon.colcon_core.package_identification:_identify(src) by extensions ['ignore', 'ignore_ament_install']
[2.031s] Level 1:colcon.colcon_core.package_identification:_identify(src) by extension 'ignore'
[2.031s] Level 1:colcon.colcon_core.package_identification:_identify(src) by extension 'ignore_ament_install'
[2.031s] Level 1:colcon.colcon_core.package_identification:_identify(src) by extensions ['colcon_pkg']
[2.031s] Level 1:colcon.colcon_core.package_identification:_identify(src) by extension 'colcon_pkg'
[2.032s] Level 1:colcon.colcon_core.package_identification:_identify(src) by extensions ['colcon_meta']
[2.032s] Level 1:colcon.colcon_core.package_identification:_identify(src) by extension 'colcon_meta'
[2.032s] Level 1:colcon.colcon_core.package_identification:_identify(src) by extensions ['ros']
[2.032s] Level 1:colcon.colcon_core.package_identification:_identify(src) by extension 'ros'
[2.032s] Level 1:colcon.colcon_core.package_identification:_identify(src) by extensions ['cmake', 'python']
[2.032s] Level 1:colcon.colcon_core.package_identification:_identify(src) by extension 'cmake'
[2.032s] Level 1:colcon.colcon_core.package_identification:_identify(src) by extension 'python'
[2.032s] Level 1:colcon.colcon_core.package_identification:_identify(src) by extensions ['python_setup_py']
[2.032s] Level 1:colcon.colcon_core.package_identification:_identify(src) by extension 'python_setup_py'
[2.032s] Level 1:colcon.colcon_core.package_identification:_identify(src/turtlebot3_simulations) by extensions ['ignore', 'ignore_ament_install']
[2.033s] Level 1:colcon.colcon_core.package_identification:_identify(src/turtlebot3_simulations) by extension 'ignore'
[2.033s] Level 1:colcon.colcon_core.package_identification:_identify(src/turtlebot3_simulations) by extension 'ignore_ament_install'
[2.033s] Level 1:colcon.colcon_core.package_identification:_identify(src/turtlebot3_simulations) by extensions ['colcon_pkg']
[2.033s] Level 1:colcon.colcon_core.package_identification:_identify(src/turtlebot3_simulations) by extension 'colcon_pkg'
[2.033s] Level 1:colcon.colcon_core.package_identification:_identify(src/turtlebot3_simulations) by extensions ['colcon_meta']
[2.033s] Level 1:colcon.colcon_core.package_identification:_identify(src/turtlebot3_simulations) by extension 'colcon_meta'
[2.033s] Level 1:colcon.colcon_core.package_identification:_identify(src/turtlebot3_simulations) by extensions ['ros']
[2.033s] Level 1:colcon.colcon_core.package_identification:_identify(src/turtlebot3_simulations) by extension 'ros'
[2.033s] Level 1:colcon.colcon_core.package_identification:_identify(src/turtlebot3_simulations) by extensions ['cmake', 'python']
[2.033s] Level 1:colcon.colcon_core.package_identification:_identify(src/turtlebot3_simulations) by extension 'cmake'
[2.033s] Level 1:colcon.colcon_core.package_identification:_identify(src/turtlebot3_simulations) by extension 'python'
[2.033s] Level 1:colcon.colcon_core.package_identification:_identify(src/turtlebot3_simulations) by extensions ['python_setup_py']
[2.033s] Level 1:colcon.colcon_core.package_identification:_identify(src/turtlebot3_simulations) by extension 'python_setup_py'
[2.034s] Level 1:colcon.colcon_core.package_identification:_identify(src/turtlebot3_simulations/turtlebot3_fake_node) by extensions ['ignore', 'ignore_ament_install']
[2.034s] Level 1:colcon.colcon_core.package_identification:_identify(src/turtlebot3_simulations/turtlebot3_fake_node) by extension 'ignore'
[2.034s] Level 1:colcon.colcon_core.package_identification:_identify(src/turtlebot3_simulations/turtlebot3_fake_node) by extension 'ignore_ament_install'
[2.034s] Level 1:colcon.colcon_core.package_identification:_identify(src/turtlebot3_simulations/turtlebot3_fake_node) by extensions ['colcon_pkg']
[2.034s] Level 1:colcon.colcon_core.package_identification:_identify(src/turtlebot3_simulations/turtlebot3_fake_node) by extension 'colcon_pkg'
[2.034s] Level 1:colcon.colcon_core.package_identification:_identify(src/turtlebot3_simulations/turtlebot3_fake_node) by extensions ['colcon_meta']
[2.034s] Level 1:colcon.colcon_core.package_identification:_identify(src/turtlebot3_simulations/turtlebot3_fake_node) by extension 'colcon_meta'
[2.034s] Level 1:colcon.colcon_core.package_identification:_identify(src/turtlebot3_simulations/turtlebot3_fake_node) by extensions ['ros']
[2.034s] Level 1:colcon.colcon_core.package_identification:_identify(src/turtlebot3_simulations/turtlebot3_fake_node) by extension 'ros'
[2.046s] DEBUG:colcon.colcon_core.package_identification:Package 'src/turtlebot3_simulations/turtlebot3_fake_node' with type 'ros.ament_cmake' and name 'turtlebot3_fake_node'
[2.054s] Level 1:colcon.colcon_core.package_identification:_identify(src/turtlebot3_simulations/turtlebot3_gazebo) by extensions ['ignore', 'ignore_ament_install']
[2.054s] Level 1:colcon.colcon_core.package_identification:_identify(src/turtlebot3_simulations/turtlebot3_gazebo) by extension 'ignore'
[2.054s] Level 1:colcon.colcon_core.package_identification:_identify(src/turtlebot3_simulations/turtlebot3_gazebo) by extension 'ignore_ament_install'
[2.054s] Level 1:colcon.colcon_core.package_identification:_identify(src/turtlebot3_simulations/turtlebot3_gazebo) by extensions ['colcon_pkg']
[2.054s] Level 1:colcon.colcon_core.package_identification:_identify(src/turtlebot3_simulations/turtlebot3_gazebo) by extension 'colcon_pkg'
[2.054s] Level 1:colcon.colcon_core.package_identification:_identify(src/turtlebot3_simulations/turtlebot3_gazebo) by extensions ['colcon_meta']
[2.054s] Level 1:colcon.colcon_core.package_identification:_identify(src/turtlebot3_simulations/turtlebot3_gazebo) by extension 'colcon_meta'
[2.054s] Level 1:colcon.colcon_core.package_identification:_identify(src/turtlebot3_simulations/turtlebot3_gazebo) by extensions ['ros']
[2.055s] Level 1:colcon.colcon_core.package_identification:_identify(src/turtlebot3_simulations/turtlebot3_gazebo) by extension 'ros'
[2.078s] DEBUG:colcon.colcon_core.package_identification:Package 'src/turtlebot3_simulations/turtlebot3_gazebo' with type 'ros.ament_cmake' and name 'turtlebot3_gazebo'
[2.078s] Level 1:colcon.colcon_core.package_identification:_identify(src/turtlebot3_simulations/turtlebot3_simulations) by extensions ['ignore', 'ignore_ament_install']
[2.079s] Level 1:colcon.colcon_core.package_identification:_identify(src/turtlebot3_simulations/turtlebot3_simulations) by extension 'ignore'
[2.079s] Level 1:colcon.colcon_core.package_identification:_identify(src/turtlebot3_simulations/turtlebot3_simulations) by extension 'ignore_ament_install'
[2.079s] Level 1:colcon.colcon_core.package_identification:_identify(src/turtlebot3_simulations/turtlebot3_simulations) by extensions ['colcon_pkg']
[2.079s] Level 1:colcon.colcon_core.package_identification:_identify(src/turtlebot3_simulations/turtlebot3_simulations) by extension 'colcon_pkg'
[2.079s] Level 1:colcon.colcon_core.package_identification:_identify(src/turtlebot3_simulations/turtlebot3_simulations) by extensions ['colcon_meta']
[2.079s] Level 1:colcon.colcon_core.package_identification:_identify(src/turtlebot3_simulations/turtlebot3_simulations) by extension 'colcon_meta'
[2.079s] Level 1:colcon.colcon_core.package_identification:_identify(src/turtlebot3_simulations/turtlebot3_simulations) by extensions ['ros']
[2.079s] Level 1:colcon.colcon_core.package_identification:_identify(src/turtlebot3_simulations/turtlebot3_simulations) by extension 'ros'
[2.081s] DEBUG:colcon.colcon_core.package_identification:Package 'src/turtlebot3_simulations/turtlebot3_simulations' with type 'ros.ament_cmake' and name 'turtlebot3_simulations'
[2.081s] Level 1:colcon.colcon_core.package_discovery:discover_packages(recursive) using defaults
[2.081s] Level 1:colcon.colcon_core.package_discovery:discover_packages(ignore) discover
[2.081s] Level 1:colcon.colcon_core.package_discovery:discover_packages(ignore) using defaults
[2.081s] Level 1:colcon.colcon_core.package_discovery:discover_packages(path) discover
[2.081s] Level 1:colcon.colcon_core.package_discovery:discover_packages(path) using defaults
[2.178s] Level 5:colcon.colcon_core.verb:set package 'turtlebot3_fake_node' build argument 'cmake_args' from command line to 'None'
[2.178s] Level 5:colcon.colcon_core.verb:set package 'turtlebot3_fake_node' build argument 'cmake_target' from command line to 'None'
[2.178s] Level 5:colcon.colcon_core.verb:set package 'turtlebot3_fake_node' build argument 'cmake_target_skip_unavailable' from command line to 'False'
[2.178s] Level 5:colcon.colcon_core.verb:set package 'turtlebot3_fake_node' build argument 'cmake_clean_cache' from command line to 'False'
[2.178s] Level 5:colcon.colcon_core.verb:set package 'turtlebot3_fake_node' build argument 'cmake_clean_first' from command line to 'False'
[2.178s] Level 5:colcon.colcon_core.verb:set package 'turtlebot3_fake_node' build argument 'cmake_force_configure' from command line to 'False'
[2.178s] Level 5:colcon.colcon_core.verb:set package 'turtlebot3_fake_node' build argument 'ament_cmake_args' from command line to 'None'
[2.178s] Level 5:colcon.colcon_core.verb:set package 'turtlebot3_fake_node' build argument 'catkin_cmake_args' from command line to 'None'
[2.178s] Level 5:colcon.colcon_core.verb:set package 'turtlebot3_fake_node' build argument 'catkin_skip_building_tests' from command line to 'False'
[2.178s] DEBUG:colcon.colcon_core.verb:Building package 'turtlebot3_fake_node' with the following arguments: {'ament_cmake_args': None, 'build_base': '/home/tuner/work/ros2/turtlebot/build/turtlebot3_fake_node', 'catkin_cmake_args': None, 'catkin_skip_building_tests': False, 'cmake_args': None, 'cmake_clean_cache': False, 'cmake_clean_first': False, 'cmake_force_configure': False, 'cmake_target': None, 'cmake_target_skip_unavailable': False, 'install_base': '/home/tuner/work/ros2/turtlebot/install/turtlebot3_fake_node', 'merge_install': False, 'path': '/home/tuner/work/ros2/turtlebot/src/turtlebot3_simulations/turtlebot3_fake_node', 'symlink_install': True, 'test_result_base': None}
[2.179s] Level 5:colcon.colcon_core.verb:set package 'turtlebot3_gazebo' build argument 'cmake_args' from command line to 'None'
[2.179s] Level 5:colcon.colcon_core.verb:set package 'turtlebot3_gazebo' build argument 'cmake_target' from command line to 'None'
[2.179s] Level 5:colcon.colcon_core.verb:set package 'turtlebot3_gazebo' build argument 'cmake_target_skip_unavailable' from command line to 'False'
[2.179s] Level 5:colcon.colcon_core.verb:set package 'turtlebot3_gazebo' build argument 'cmake_clean_cache' from command line to 'False'
[2.179s] Level 5:colcon.colcon_core.verb:set package 'turtlebot3_gazebo' build argument 'cmake_clean_first' from command line to 'False'
[2.179s] Level 5:colcon.colcon_core.verb:set package 'turtlebot3_gazebo' build argument 'cmake_force_configure' from command line to 'False'
[2.179s] Level 5:colcon.colcon_core.verb:set package 'turtlebot3_gazebo' build argument 'ament_cmake_args' from command line to 'None'
[2.179s] Level 5:colcon.colcon_core.verb:set package 'turtlebot3_gazebo' build argument 'catkin_cmake_args' from command line to 'None'
[2.179s] Level 5:colcon.colcon_core.verb:set package 'turtlebot3_gazebo' build argument 'catkin_skip_building_tests' from command line to 'False'
[2.180s] DEBUG:colcon.colcon_core.verb:Building package 'turtlebot3_gazebo' with the following arguments: {'ament_cmake_args': None, 'build_base': '/home/tuner/work/ros2/turtlebot/build/turtlebot3_gazebo', 'catkin_cmake_args': None, 'catkin_skip_building_tests': False, 'cmake_args': None, 'cmake_clean_cache': False, 'cmake_clean_first': False, 'cmake_force_configure': False, 'cmake_target': None, 'cmake_target_skip_unavailable': False, 'install_base': '/home/tuner/work/ros2/turtlebot/install/turtlebot3_gazebo', 'merge_install': False, 'path': '/home/tuner/work/ros2/turtlebot/src/turtlebot3_simulations/turtlebot3_gazebo', 'symlink_install': True, 'test_result_base': None}
[2.180s] Level 5:colcon.colcon_core.verb:set package 'turtlebot3_simulations' build argument 'cmake_args' from command line to 'None'
[2.180s] Level 5:colcon.colcon_core.verb:set package 'turtlebot3_simulations' build argument 'cmake_target' from command line to 'None'
[2.180s] Level 5:colcon.colcon_core.verb:set package 'turtlebot3_simulations' build argument 'cmake_target_skip_unavailable' from command line to 'False'
[2.181s] Level 5:colcon.colcon_core.verb:set package 'turtlebot3_simulations' build argument 'cmake_clean_cache' from command line to 'False'
[2.181s] Level 5:colcon.colcon_core.verb:set package 'turtlebot3_simulations' build argument 'cmake_clean_first' from command line to 'False'
[2.181s] Level 5:colcon.colcon_core.verb:set package 'turtlebot3_simulations' build argument 'cmake_force_configure' from command line to 'False'
[2.181s] Level 5:colcon.colcon_core.verb:set package 'turtlebot3_simulations' build argument 'ament_cmake_args' from command line to 'None'
[2.181s] Level 5:colcon.colcon_core.verb:set package 'turtlebot3_simulations' build argument 'catkin_cmake_args' from command line to 'None'
[2.181s] Level 5:colcon.colcon_core.verb:set package 'turtlebot3_simulations' build argument 'catkin_skip_building_tests' from command line to 'False'
[2.181s] DEBUG:colcon.colcon_core.verb:Building package 'turtlebot3_simulations' with the following arguments: {'ament_cmake_args': None, 'build_base': '/home/tuner/work/ros2/turtlebot/build/turtlebot3_simulations', 'catkin_cmake_args': None, 'catkin_skip_building_tests': False, 'cmake_args': None, 'cmake_clean_cache': False, 'cmake_clean_first': False, 'cmake_force_configure': False, 'cmake_target': None, 'cmake_target_skip_unavailable': False, 'install_base': '/home/tuner/work/ros2/turtlebot/install/turtlebot3_simulations', 'merge_install': False, 'path': '/home/tuner/work/ros2/turtlebot/src/turtlebot3_simulations/turtlebot3_simulations', 'symlink_install': True, 'test_result_base': None}
[2.187s] INFO:colcon.colcon_core.executor:Executing jobs using 'parallel' executor
[2.189s] DEBUG:colcon.colcon_parallel_executor.executor.parallel:run_until_complete
[2.189s] INFO:colcon.colcon_ros.task.ament_cmake.build:Building ROS package in '/home/tuner/work/ros2/turtlebot/src/turtlebot3_simulations/turtlebot3_fake_node' with build type 'ament_cmake'
[2.190s] INFO:colcon.colcon_cmake.task.cmake.build:Building CMake package in '/home/tuner/work/ros2/turtlebot/src/turtlebot3_simulations/turtlebot3_fake_node'
[2.222s] INFO:colcon.colcon_core.plugin_system:Skipping extension 'colcon_core.shell.bat': Not used on non-Windows systems
[2.222s] INFO:colcon.colcon_core.shell:Skip shell extension 'powershell' for command environment: Not usable outside of PowerShell
[2.222s] DEBUG:colcon.colcon_core.shell:Skip shell extension 'dsv' for command environment
[2.232s] INFO:colcon.colcon_ros.task.ament_cmake.build:Building ROS package in '/home/tuner/work/ros2/turtlebot/src/turtlebot3_simulations/turtlebot3_gazebo' with build type 'ament_cmake'
[2.233s] INFO:colcon.colcon_cmake.task.cmake.build:Building CMake package in '/home/tuner/work/ros2/turtlebot/src/turtlebot3_simulations/turtlebot3_gazebo'
[2.233s] INFO:colcon.colcon_core.shell:Skip shell extension 'powershell' for command environment: Not usable outside of PowerShell
[2.234s] DEBUG:colcon.colcon_core.shell:Skip shell extension 'dsv' for command environment
[2.242s] DEBUG:colcon.colcon_core.event_handler.log_command:Invoking command in '/home/tuner/work/ros2/turtlebot/build/turtlebot3_fake_node': CMAKE_PREFIX_PATH=/opt/ros/foxy /usr/bin/cmake /home/tuner/work/ros2/turtlebot/src/turtlebot3_simulations/turtlebot3_fake_node -DAMENT_CMAKE_SYMLINK_INSTALL=1 -DCMAKE_INSTALL_PREFIX=/home/tuner/work/ros2/turtlebot/install/turtlebot3_fake_node
[2.262s] DEBUG:colcon.colcon_core.event_handler.log_command:Invoking command in '/home/tuner/work/ros2/turtlebot/build/turtlebot3_gazebo': CMAKE_PREFIX_PATH=/opt/ros/foxy /usr/bin/cmake /home/tuner/work/ros2/turtlebot/src/turtlebot3_simulations/turtlebot3_gazebo -DAMENT_CMAKE_SYMLINK_INSTALL=1 -DCMAKE_INSTALL_PREFIX=/home/tuner/work/ros2/turtlebot/install/turtlebot3_gazebo
[10.466s] DEBUG:colcon.colcon_core.event_handler.log_command:Invoked command in '/home/tuner/work/ros2/turtlebot/build/turtlebot3_fake_node' returned '0': CMAKE_PREFIX_PATH=/opt/ros/foxy /usr/bin/cmake /home/tuner/work/ros2/turtlebot/src/turtlebot3_simulations/turtlebot3_fake_node -DAMENT_CMAKE_SYMLINK_INSTALL=1 -DCMAKE_INSTALL_PREFIX=/home/tuner/work/ros2/turtlebot/install/turtlebot3_fake_node
[10.469s] DEBUG:colcon.colcon_core.event_handler.log_command:Invoking command in '/home/tuner/work/ros2/turtlebot/build/turtlebot3_fake_node': CMAKE_PREFIX_PATH=/opt/ros/foxy /usr/bin/cmake --build /home/tuner/work/ros2/turtlebot/build/turtlebot3_fake_node -- -j12 -l12
[10.765s] DEBUG:colcon.colcon_core.event_handler.log_command:Invoked command in '/home/tuner/work/ros2/turtlebot/build/turtlebot3_gazebo' returned '0': CMAKE_PREFIX_PATH=/opt/ros/foxy /usr/bin/cmake /home/tuner/work/ros2/turtlebot/src/turtlebot3_simulations/turtlebot3_gazebo -DAMENT_CMAKE_SYMLINK_INSTALL=1 -DCMAKE_INSTALL_PREFIX=/home/tuner/work/ros2/turtlebot/install/turtlebot3_gazebo
[10.768s] DEBUG:colcon.colcon_core.event_handler.log_command:Invoking command in '/home/tuner/work/ros2/turtlebot/build/turtlebot3_gazebo': CMAKE_PREFIX_PATH=/opt/ros/foxy /usr/bin/cmake --build /home/tuner/work/ros2/turtlebot/build/turtlebot3_gazebo -- -j12 -l12
[22.946s] DEBUG:colcon.colcon_core.event_handler.log_command:Invoked command in '/home/tuner/work/ros2/turtlebot/build/turtlebot3_fake_node' returned '0': CMAKE_PREFIX_PATH=/opt/ros/foxy /usr/bin/cmake --build /home/tuner/work/ros2/turtlebot/build/turtlebot3_fake_node -- -j12 -l12
[22.978s] DEBUG:colcon.colcon_core.event_handler.log_command:Invoking command in '/home/tuner/work/ros2/turtlebot/build/turtlebot3_fake_node': CMAKE_PREFIX_PATH=/opt/ros/foxy /usr/bin/cmake --install /home/tuner/work/ros2/turtlebot/build/turtlebot3_fake_node
[23.217s] Level 1:colcon.colcon_core.environment:create_environment_scripts_only(turtlebot3_fake_node)
[23.218s] DEBUG:colcon.colcon_core.event_handler.log_command:Invoked command in '/home/tuner/work/ros2/turtlebot/build/turtlebot3_fake_node' returned '0': CMAKE_PREFIX_PATH=/opt/ros/foxy /usr/bin/cmake --install /home/tuner/work/ros2/turtlebot/build/turtlebot3_fake_node
[23.390s] Level 1:colcon.colcon_core.environment:checking '/home/tuner/work/ros2/turtlebot/install/turtlebot3_fake_node' for CMake module files
[23.392s] Level 1:colcon.colcon_core.environment:checking '/home/tuner/work/ros2/turtlebot/install/turtlebot3_fake_node' for CMake config files
[23.393s] Level 1:colcon.colcon_core.shell:create_environment_hook('turtlebot3_fake_node', 'cmake_prefix_path')
[23.394s] INFO:colcon.colcon_core.shell:Creating environment hook '/home/tuner/work/ros2/turtlebot/install/turtlebot3_fake_node/share/turtlebot3_fake_node/hook/cmake_prefix_path.ps1'
[23.434s] INFO:colcon.colcon_core.shell:Creating environment descriptor '/home/tuner/work/ros2/turtlebot/install/turtlebot3_fake_node/share/turtlebot3_fake_node/hook/cmake_prefix_path.dsv'
[23.467s] INFO:colcon.colcon_core.shell:Creating environment hook '/home/tuner/work/ros2/turtlebot/install/turtlebot3_fake_node/share/turtlebot3_fake_node/hook/cmake_prefix_path.sh'
[23.469s] Level 1:colcon.colcon_core.environment:checking '/home/tuner/work/ros2/turtlebot/install/turtlebot3_fake_node/lib'
[23.469s] Level 1:colcon.colcon_core.environment:checking '/home/tuner/work/ros2/turtlebot/install/turtlebot3_fake_node/bin'
[23.469s] Level 1:colcon.colcon_core.environment:checking '/home/tuner/work/ros2/turtlebot/install/turtlebot3_fake_node/lib/pkgconfig/turtlebot3_fake_node.pc'
[23.469s] Level 1:colcon.colcon_core.environment:checking '/home/tuner/work/ros2/turtlebot/install/turtlebot3_fake_node/lib/python3.8/site-packages'
[23.470s] INFO:colcon.colcon_core.shell:Creating package script '/home/tuner/work/ros2/turtlebot/install/turtlebot3_fake_node/share/turtlebot3_fake_node/package.ps1'
[23.472s] INFO:colcon.colcon_core.shell:Creating package descriptor '/home/tuner/work/ros2/turtlebot/install/turtlebot3_fake_node/share/turtlebot3_fake_node/package.dsv'
[23.473s] INFO:colcon.colcon_core.shell:Creating package script '/home/tuner/work/ros2/turtlebot/install/turtlebot3_fake_node/share/turtlebot3_fake_node/package.sh'
[23.474s] INFO:colcon.colcon_core.shell:Creating package script '/home/tuner/work/ros2/turtlebot/install/turtlebot3_fake_node/share/turtlebot3_fake_node/package.bash'
[23.495s] INFO:colcon.colcon_core.shell:Creating package script '/home/tuner/work/ros2/turtlebot/install/turtlebot3_fake_node/share/turtlebot3_fake_node/package.zsh'
[23.508s] Level 1:colcon.colcon_core.environment:create_file_with_runtime_dependencies(/home/tuner/work/ros2/turtlebot/install/turtlebot3_fake_node/share/colcon-core/packages/turtlebot3_fake_node)
[23.534s] Level 1:colcon.colcon_core.environment:create_environment_scripts_only(turtlebot3_fake_node)
[23.535s] Level 1:colcon.colcon_core.environment:checking '/home/tuner/work/ros2/turtlebot/install/turtlebot3_fake_node' for CMake module files
[23.536s] Level 1:colcon.colcon_core.environment:checking '/home/tuner/work/ros2/turtlebot/install/turtlebot3_fake_node' for CMake config files
[23.536s] Level 1:colcon.colcon_core.shell:create_environment_hook('turtlebot3_fake_node', 'cmake_prefix_path')
[23.537s] INFO:colcon.colcon_core.shell:Creating environment hook '/home/tuner/work/ros2/turtlebot/install/turtlebot3_fake_node/share/turtlebot3_fake_node/hook/cmake_prefix_path.ps1'
[23.537s] INFO:colcon.colcon_core.shell:Creating environment descriptor '/home/tuner/work/ros2/turtlebot/install/turtlebot3_fake_node/share/turtlebot3_fake_node/hook/cmake_prefix_path.dsv'
[23.538s] INFO:colcon.colcon_core.shell:Creating environment hook '/home/tuner/work/ros2/turtlebot/install/turtlebot3_fake_node/share/turtlebot3_fake_node/hook/cmake_prefix_path.sh'
[23.539s] Level 1:colcon.colcon_core.environment:checking '/home/tuner/work/ros2/turtlebot/install/turtlebot3_fake_node/lib'
[23.539s] Level 1:colcon.colcon_core.environment:checking '/home/tuner/work/ros2/turtlebot/install/turtlebot3_fake_node/bin'
[23.539s] Level 1:colcon.colcon_core.environment:checking '/home/tuner/work/ros2/turtlebot/install/turtlebot3_fake_node/lib/pkgconfig/turtlebot3_fake_node.pc'
[23.539s] Level 1:colcon.colcon_core.environment:checking '/home/tuner/work/ros2/turtlebot/install/turtlebot3_fake_node/lib/python3.8/site-packages'
[23.540s] INFO:colcon.colcon_core.shell:Creating package script '/home/tuner/work/ros2/turtlebot/install/turtlebot3_fake_node/share/turtlebot3_fake_node/package.ps1'
[23.541s] INFO:colcon.colcon_core.shell:Creating package descriptor '/home/tuner/work/ros2/turtlebot/install/turtlebot3_fake_node/share/turtlebot3_fake_node/package.dsv'
[23.541s] INFO:colcon.colcon_core.shell:Creating package script '/home/tuner/work/ros2/turtlebot/install/turtlebot3_fake_node/share/turtlebot3_fake_node/package.sh'
[23.542s] INFO:colcon.colcon_core.shell:Creating package script '/home/tuner/work/ros2/turtlebot/install/turtlebot3_fake_node/share/turtlebot3_fake_node/package.bash'
[23.542s] INFO:colcon.colcon_core.shell:Creating package script '/home/tuner/work/ros2/turtlebot/install/turtlebot3_fake_node/share/turtlebot3_fake_node/package.zsh'
[23.543s] Level 1:colcon.colcon_core.environment:create_file_with_runtime_dependencies(/home/tuner/work/ros2/turtlebot/install/turtlebot3_fake_node/share/colcon-core/packages/turtlebot3_fake_node)
[23.574s] DEBUG:colcon.colcon_core.event_handler.log_command:Invoked command in '/home/tuner/work/ros2/turtlebot/build/turtlebot3_gazebo' returned '0': CMAKE_PREFIX_PATH=/opt/ros/foxy /usr/bin/cmake --build /home/tuner/work/ros2/turtlebot/build/turtlebot3_gazebo -- -j12 -l12
[23.599s] DEBUG:colcon.colcon_core.event_handler.log_command:Invoking command in '/home/tuner/work/ros2/turtlebot/build/turtlebot3_gazebo': CMAKE_PREFIX_PATH=/opt/ros/foxy /usr/bin/cmake --install /home/tuner/work/ros2/turtlebot/build/turtlebot3_gazebo
[24.531s] Level 1:colcon.colcon_core.environment:create_environment_scripts_only(turtlebot3_gazebo)
[24.532s] Level 1:colcon.colcon_core.environment:checking '/home/tuner/work/ros2/turtlebot/install/turtlebot3_gazebo' for CMake module files
[24.532s] DEBUG:colcon.colcon_core.event_handler.log_command:Invoked command in '/home/tuner/work/ros2/turtlebot/build/turtlebot3_gazebo' returned '0': CMAKE_PREFIX_PATH=/opt/ros/foxy /usr/bin/cmake --install /home/tuner/work/ros2/turtlebot/build/turtlebot3_gazebo
[24.533s] Level 1:colcon.colcon_core.environment:checking '/home/tuner/work/ros2/turtlebot/install/turtlebot3_gazebo' for CMake config files
[24.534s] Level 1:colcon.colcon_core.shell:create_environment_hook('turtlebot3_gazebo', 'cmake_prefix_path')
[24.535s] INFO:colcon.colcon_core.shell:Creating environment hook '/home/tuner/work/ros2/turtlebot/install/turtlebot3_gazebo/share/turtlebot3_gazebo/hook/cmake_prefix_path.ps1'
[24.535s] INFO:colcon.colcon_core.shell:Creating environment descriptor '/home/tuner/work/ros2/turtlebot/install/turtlebot3_gazebo/share/turtlebot3_gazebo/hook/cmake_prefix_path.dsv'
[24.535s] INFO:colcon.colcon_core.shell:Creating environment hook '/home/tuner/work/ros2/turtlebot/install/turtlebot3_gazebo/share/turtlebot3_gazebo/hook/cmake_prefix_path.sh'
[24.536s] Level 1:colcon.colcon_core.environment:checking '/home/tuner/work/ros2/turtlebot/install/turtlebot3_gazebo/lib'
[24.536s] Level 1:colcon.colcon_core.environment:checking '/home/tuner/work/ros2/turtlebot/install/turtlebot3_gazebo/bin'
[24.536s] Level 1:colcon.colcon_core.environment:checking '/home/tuner/work/ros2/turtlebot/install/turtlebot3_gazebo/lib/pkgconfig/turtlebot3_gazebo.pc'
[24.536s] Level 1:colcon.colcon_core.environment:checking '/home/tuner/work/ros2/turtlebot/install/turtlebot3_gazebo/lib/python3.8/site-packages'
[24.536s] INFO:colcon.colcon_core.shell:Creating package script '/home/tuner/work/ros2/turtlebot/install/turtlebot3_gazebo/share/turtlebot3_gazebo/package.ps1'
[24.537s] INFO:colcon.colcon_core.shell:Creating package descriptor '/home/tuner/work/ros2/turtlebot/install/turtlebot3_gazebo/share/turtlebot3_gazebo/package.dsv'
[24.537s] INFO:colcon.colcon_core.shell:Creating package script '/home/tuner/work/ros2/turtlebot/install/turtlebot3_gazebo/share/turtlebot3_gazebo/package.sh'
[24.537s] INFO:colcon.colcon_core.shell:Creating package script '/home/tuner/work/ros2/turtlebot/install/turtlebot3_gazebo/share/turtlebot3_gazebo/package.bash'
[24.537s] INFO:colcon.colcon_core.shell:Creating package script '/home/tuner/work/ros2/turtlebot/install/turtlebot3_gazebo/share/turtlebot3_gazebo/package.zsh'
[24.537s] Level 1:colcon.colcon_core.environment:create_file_with_runtime_dependencies(/home/tuner/work/ros2/turtlebot/install/turtlebot3_gazebo/share/colcon-core/packages/turtlebot3_gazebo)
[24.565s] Level 1:colcon.colcon_core.environment:create_environment_scripts_only(turtlebot3_gazebo)
[24.566s] Level 1:colcon.colcon_core.environment:checking '/home/tuner/work/ros2/turtlebot/install/turtlebot3_gazebo' for CMake module files
[24.566s] Level 1:colcon.colcon_core.environment:checking '/home/tuner/work/ros2/turtlebot/install/turtlebot3_gazebo' for CMake config files
[24.567s] Level 1:colcon.colcon_core.shell:create_environment_hook('turtlebot3_gazebo', 'cmake_prefix_path')
[24.568s] INFO:colcon.colcon_core.shell:Creating environment hook '/home/tuner/work/ros2/turtlebot/install/turtlebot3_gazebo/share/turtlebot3_gazebo/hook/cmake_prefix_path.ps1'
[24.568s] INFO:colcon.colcon_core.shell:Creating environment descriptor '/home/tuner/work/ros2/turtlebot/install/turtlebot3_gazebo/share/turtlebot3_gazebo/hook/cmake_prefix_path.dsv'
[24.568s] INFO:colcon.colcon_core.shell:Creating environment hook '/home/tuner/work/ros2/turtlebot/install/turtlebot3_gazebo/share/turtlebot3_gazebo/hook/cmake_prefix_path.sh'
[24.569s] Level 1:colcon.colcon_core.environment:checking '/home/tuner/work/ros2/turtlebot/install/turtlebot3_gazebo/lib'
[24.569s] Level 1:colcon.colcon_core.environment:checking '/home/tuner/work/ros2/turtlebot/install/turtlebot3_gazebo/bin'
[24.569s] Level 1:colcon.colcon_core.environment:checking '/home/tuner/work/ros2/turtlebot/install/turtlebot3_gazebo/lib/pkgconfig/turtlebot3_gazebo.pc'
[24.569s] Level 1:colcon.colcon_core.environment:checking '/home/tuner/work/ros2/turtlebot/install/turtlebot3_gazebo/lib/python3.8/site-packages'
[24.570s] INFO:colcon.colcon_core.shell:Creating package script '/home/tuner/work/ros2/turtlebot/install/turtlebot3_gazebo/share/turtlebot3_gazebo/package.ps1'
[24.570s] INFO:colcon.colcon_core.shell:Creating package descriptor '/home/tuner/work/ros2/turtlebot/install/turtlebot3_gazebo/share/turtlebot3_gazebo/package.dsv'
[24.570s] INFO:colcon.colcon_core.shell:Creating package script '/home/tuner/work/ros2/turtlebot/install/turtlebot3_gazebo/share/turtlebot3_gazebo/package.sh'
[24.571s] INFO:colcon.colcon_core.shell:Creating package script '/home/tuner/work/ros2/turtlebot/install/turtlebot3_gazebo/share/turtlebot3_gazebo/package.bash'
[24.571s] INFO:colcon.colcon_core.shell:Creating package script '/home/tuner/work/ros2/turtlebot/install/turtlebot3_gazebo/share/turtlebot3_gazebo/package.zsh'
[24.571s] Level 1:colcon.colcon_core.environment:create_file_with_runtime_dependencies(/home/tuner/work/ros2/turtlebot/install/turtlebot3_gazebo/share/colcon-core/packages/turtlebot3_gazebo)
[24.571s] INFO:colcon.colcon_ros.task.ament_cmake.build:Building ROS package in '/home/tuner/work/ros2/turtlebot/src/turtlebot3_simulations/turtlebot3_simulations' with build type 'ament_cmake'
[24.571s] INFO:colcon.colcon_cmake.task.cmake.build:Building CMake package in '/home/tuner/work/ros2/turtlebot/src/turtlebot3_simulations/turtlebot3_simulations'
[24.572s] INFO:colcon.colcon_core.shell:Skip shell extension 'powershell' for command environment: Not usable outside of PowerShell
[24.572s] DEBUG:colcon.colcon_core.shell:Skip shell extension 'dsv' for command environment
[24.582s] DEBUG:colcon.colcon_core.event_handler.log_command:Invoking command in '/home/tuner/work/ros2/turtlebot/build/turtlebot3_simulations': AMENT_PREFIX_PATH=/home/tuner/work/ros2/turtlebot/install/turtlebot3_gazebo:/home/tuner/work/ros2/turtlebot/install/turtlebot3_fake_node:${AMENT_PREFIX_PATH} CMAKE_PREFIX_PATH=/home/tuner/work/ros2/turtlebot/install/turtlebot3_gazebo:/home/tuner/work/ros2/turtlebot/install/turtlebot3_fake_node:/opt/ros/foxy /usr/bin/cmake /home/tuner/work/ros2/turtlebot/src/turtlebot3_simulations/turtlebot3_simulations -DAMENT_CMAKE_SYMLINK_INSTALL=1 -DCMAKE_INSTALL_PREFIX=/home/tuner/work/ros2/turtlebot/install/turtlebot3_simulations
[25.242s] DEBUG:colcon.colcon_core.event_handler.log_command:Invoked command in '/home/tuner/work/ros2/turtlebot/build/turtlebot3_simulations' returned '0': AMENT_PREFIX_PATH=/home/tuner/work/ros2/turtlebot/install/turtlebot3_gazebo:/home/tuner/work/ros2/turtlebot/install/turtlebot3_fake_node:${AMENT_PREFIX_PATH} CMAKE_PREFIX_PATH=/home/tuner/work/ros2/turtlebot/install/turtlebot3_gazebo:/home/tuner/work/ros2/turtlebot/install/turtlebot3_fake_node:/opt/ros/foxy /usr/bin/cmake /home/tuner/work/ros2/turtlebot/src/turtlebot3_simulations/turtlebot3_simulations -DAMENT_CMAKE_SYMLINK_INSTALL=1 -DCMAKE_INSTALL_PREFIX=/home/tuner/work/ros2/turtlebot/install/turtlebot3_simulations
[25.244s] DEBUG:colcon.colcon_core.event_handler.log_command:Invoking command in '/home/tuner/work/ros2/turtlebot/build/turtlebot3_simulations': AMENT_PREFIX_PATH=/home/tuner/work/ros2/turtlebot/install/turtlebot3_gazebo:/home/tuner/work/ros2/turtlebot/install/turtlebot3_fake_node:${AMENT_PREFIX_PATH} CMAKE_PREFIX_PATH=/home/tuner/work/ros2/turtlebot/install/turtlebot3_gazebo:/home/tuner/work/ros2/turtlebot/install/turtlebot3_fake_node:/opt/ros/foxy /usr/bin/cmake --build /home/tuner/work/ros2/turtlebot/build/turtlebot3_simulations -- -j12 -l12
[25.273s] DEBUG:colcon.colcon_core.event_handler.log_command:Invoked command in '/home/tuner/work/ros2/turtlebot/build/turtlebot3_simulations' returned '0': AMENT_PREFIX_PATH=/home/tuner/work/ros2/turtlebot/install/turtlebot3_gazebo:/home/tuner/work/ros2/turtlebot/install/turtlebot3_fake_node:${AMENT_PREFIX_PATH} CMAKE_PREFIX_PATH=/home/tuner/work/ros2/turtlebot/install/turtlebot3_gazebo:/home/tuner/work/ros2/turtlebot/install/turtlebot3_fake_node:/opt/ros/foxy /usr/bin/cmake --build /home/tuner/work/ros2/turtlebot/build/turtlebot3_simulations -- -j12 -l12
[25.293s] DEBUG:colcon.colcon_core.event_handler.log_command:Invoking command in '/home/tuner/work/ros2/turtlebot/build/turtlebot3_simulations': AMENT_PREFIX_PATH=/home/tuner/work/ros2/turtlebot/install/turtlebot3_gazebo:/home/tuner/work/ros2/turtlebot/install/turtlebot3_fake_node:${AMENT_PREFIX_PATH} CMAKE_PREFIX_PATH=/home/tuner/work/ros2/turtlebot/install/turtlebot3_gazebo:/home/tuner/work/ros2/turtlebot/install/turtlebot3_fake_node:/opt/ros/foxy /usr/bin/cmake --install /home/tuner/work/ros2/turtlebot/build/turtlebot3_simulations
[25.412s] Level 1:colcon.colcon_core.environment:create_environment_scripts_only(turtlebot3_simulations)
[25.413s] Level 1:colcon.colcon_core.environment:checking '/home/tuner/work/ros2/turtlebot/install/turtlebot3_simulations' for CMake module files
[25.414s] DEBUG:colcon.colcon_core.event_handler.log_command:Invoked command in '/home/tuner/work/ros2/turtlebot/build/turtlebot3_simulations' returned '0': AMENT_PREFIX_PATH=/home/tuner/work/ros2/turtlebot/install/turtlebot3_gazebo:/home/tuner/work/ros2/turtlebot/install/turtlebot3_fake_node:${AMENT_PREFIX_PATH} CMAKE_PREFIX_PATH=/home/tuner/work/ros2/turtlebot/install/turtlebot3_gazebo:/home/tuner/work/ros2/turtlebot/install/turtlebot3_fake_node:/opt/ros/foxy /usr/bin/cmake --install /home/tuner/work/ros2/turtlebot/build/turtlebot3_simulations
[25.414s] Level 1:colcon.colcon_core.environment:checking '/home/tuner/work/ros2/turtlebot/install/turtlebot3_simulations' for CMake config files
[25.414s] Level 1:colcon.colcon_core.shell:create_environment_hook('turtlebot3_simulations', 'cmake_prefix_path')
[25.415s] INFO:colcon.colcon_core.shell:Creating environment hook '/home/tuner/work/ros2/turtlebot/install/turtlebot3_simulations/share/turtlebot3_simulations/hook/cmake_prefix_path.ps1'
[25.415s] INFO:colcon.colcon_core.shell:Creating environment descriptor '/home/tuner/work/ros2/turtlebot/install/turtlebot3_simulations/share/turtlebot3_simulations/hook/cmake_prefix_path.dsv'
[25.415s] INFO:colcon.colcon_core.shell:Creating environment hook '/home/tuner/work/ros2/turtlebot/install/turtlebot3_simulations/share/turtlebot3_simulations/hook/cmake_prefix_path.sh'
[25.416s] Level 1:colcon.colcon_core.environment:checking '/home/tuner/work/ros2/turtlebot/install/turtlebot3_simulations/bin'
[25.416s] Level 1:colcon.colcon_core.environment:checking '/home/tuner/work/ros2/turtlebot/install/turtlebot3_simulations/lib/pkgconfig/turtlebot3_simulations.pc'
[25.416s] Level 1:colcon.colcon_core.environment:checking '/home/tuner/work/ros2/turtlebot/install/turtlebot3_simulations/lib/python3.8/site-packages'
[25.416s] INFO:colcon.colcon_core.shell:Creating package script '/home/tuner/work/ros2/turtlebot/install/turtlebot3_simulations/share/turtlebot3_simulations/package.ps1'
[25.416s] INFO:colcon.colcon_core.shell:Creating package descriptor '/home/tuner/work/ros2/turtlebot/install/turtlebot3_simulations/share/turtlebot3_simulations/package.dsv'
[25.417s] INFO:colcon.colcon_core.shell:Creating package script '/home/tuner/work/ros2/turtlebot/install/turtlebot3_simulations/share/turtlebot3_simulations/package.sh'
[25.417s] INFO:colcon.colcon_core.shell:Creating package script '/home/tuner/work/ros2/turtlebot/install/turtlebot3_simulations/share/turtlebot3_simulations/package.bash'
[25.417s] INFO:colcon.colcon_core.shell:Creating package script '/home/tuner/work/ros2/turtlebot/install/turtlebot3_simulations/share/turtlebot3_simulations/package.zsh'
[25.417s] Level 1:colcon.colcon_core.environment:create_file_with_runtime_dependencies(/home/tuner/work/ros2/turtlebot/install/turtlebot3_simulations/share/colcon-core/packages/turtlebot3_simulations)
[25.434s] Level 1:colcon.colcon_core.environment:create_environment_scripts_only(turtlebot3_simulations)
[25.435s] Level 1:colcon.colcon_core.environment:checking '/home/tuner/work/ros2/turtlebot/install/turtlebot3_simulations' for CMake module files
[25.436s] Level 1:colcon.colcon_core.environment:checking '/home/tuner/work/ros2/turtlebot/install/turtlebot3_simulations' for CMake config files
[25.436s] Level 1:colcon.colcon_core.shell:create_environment_hook('turtlebot3_simulations', 'cmake_prefix_path')
[25.436s] INFO:colcon.colcon_core.shell:Creating environment hook '/home/tuner/work/ros2/turtlebot/install/turtlebot3_simulations/share/turtlebot3_simulations/hook/cmake_prefix_path.ps1'
[25.437s] INFO:colcon.colcon_core.shell:Creating environment descriptor '/home/tuner/work/ros2/turtlebot/install/turtlebot3_simulations/share/turtlebot3_simulations/hook/cmake_prefix_path.dsv'
[25.437s] INFO:colcon.colcon_core.shell:Creating environment hook '/home/tuner/work/ros2/turtlebot/install/turtlebot3_simulations/share/turtlebot3_simulations/hook/cmake_prefix_path.sh'
[25.437s] Level 1:colcon.colcon_core.environment:checking '/home/tuner/work/ros2/turtlebot/install/turtlebot3_simulations/bin'
[25.437s] Level 1:colcon.colcon_core.environment:checking '/home/tuner/work/ros2/turtlebot/install/turtlebot3_simulations/lib/pkgconfig/turtlebot3_simulations.pc'
[25.437s] Level 1:colcon.colcon_core.environment:checking '/home/tuner/work/ros2/turtlebot/install/turtlebot3_simulations/lib/python3.8/site-packages'
[25.438s] INFO:colcon.colcon_core.shell:Creating package script '/home/tuner/work/ros2/turtlebot/install/turtlebot3_simulations/share/turtlebot3_simulations/package.ps1'
[25.438s] INFO:colcon.colcon_core.shell:Creating package descriptor '/home/tuner/work/ros2/turtlebot/install/turtlebot3_simulations/share/turtlebot3_simulations/package.dsv'
[25.438s] INFO:colcon.colcon_core.shell:Creating package script '/home/tuner/work/ros2/turtlebot/install/turtlebot3_simulations/share/turtlebot3_simulations/package.sh'
[25.439s] INFO:colcon.colcon_core.shell:Creating package script '/home/tuner/work/ros2/turtlebot/install/turtlebot3_simulations/share/turtlebot3_simulations/package.bash'
[25.439s] INFO:colcon.colcon_core.shell:Creating package script '/home/tuner/work/ros2/turtlebot/install/turtlebot3_simulations/share/turtlebot3_simulations/package.zsh'
[25.439s] Level 1:colcon.colcon_core.environment:create_file_with_runtime_dependencies(/home/tuner/work/ros2/turtlebot/install/turtlebot3_simulations/share/colcon-core/packages/turtlebot3_simulations)
[25.440s] DEBUG:colcon.colcon_parallel_executor.executor.parallel:closing loop
[25.440s] DEBUG:colcon.colcon_parallel_executor.executor.parallel:loop closed
[25.440s] DEBUG:colcon.colcon_parallel_executor.executor.parallel:run_until_complete finished with '0'
[25.440s] DEBUG:colcon.colcon_core.event_reactor:joining thread
[25.484s] INFO:colcon.colcon_core.plugin_system:Skipping extension 'colcon_notification.desktop_notification.terminal_notifier': Not used on non-Darwin systems
[25.485s] INFO:colcon.colcon_core.plugin_system:Skipping extension 'colcon_notification.desktop_notification.win32': Not used on non-Windows systems
[25.485s] INFO:colcon.colcon_notification.desktop_notification:Sending desktop notification using 'notify2'
[25.508s] DEBUG:colcon.colcon_core.event_reactor:joined thread
[25.509s] INFO:colcon.colcon_core.shell:Creating prefix script '/home/tuner/work/ros2/turtlebot/install/local_setup.ps1'
[25.511s] INFO:colcon.colcon_core.shell:Creating prefix util module '/home/tuner/work/ros2/turtlebot/install/_local_setup_util_ps1.py'
[25.513s] INFO:colcon.colcon_core.shell:Creating prefix chain script '/home/tuner/work/ros2/turtlebot/install/setup.ps1'
[25.515s] INFO:colcon.colcon_core.shell:Creating prefix script '/home/tuner/work/ros2/turtlebot/install/local_setup.sh'
[25.516s] INFO:colcon.colcon_core.shell:Creating prefix util module '/home/tuner/work/ros2/turtlebot/install/_local_setup_util_sh.py'
[25.517s] INFO:colcon.colcon_core.shell:Creating prefix chain script '/home/tuner/work/ros2/turtlebot/install/setup.sh'
[25.518s] INFO:colcon.colcon_core.shell:Creating prefix script '/home/tuner/work/ros2/turtlebot/install/local_setup.bash'
[25.519s] INFO:colcon.colcon_core.shell:Creating prefix chain script '/home/tuner/work/ros2/turtlebot/install/setup.bash'
[25.520s] INFO:colcon.colcon_core.shell:Creating prefix script '/home/tuner/work/ros2/turtlebot/install/local_setup.zsh'
[25.522s] INFO:colcon.colcon_core.shell:Creating prefix chain script '/home/tuner/work/ros2/turtlebot/install/setup.zsh'
